Analysis & Synthesis report for LogicalStep_Lab3_top
Wed Jul 05 03:08:33 2023
Quartus Prime Version 19.1.0 Build 670 09/22/2019 SJ Lite Edition


---------------------
; Table of Contents ;
---------------------
  1. Legal Notice
  2. Analysis & Synthesis Summary
  3. Analysis & Synthesis Settings
  4. Parallel Compilation
  5. Analysis & Synthesis Source Files Read
  6. Analysis & Synthesis Resource Usage Summary
  7. Analysis & Synthesis Resource Utilization by Entity
  8. User-Specified and Inferred Latches
  9. Registers Removed During Synthesis
 10. General Register Statistics
 11. Inverted Register Statistics
 12. Port Connectivity Checks: "HVAC:INST8"
 13. Post-Synthesis Netlist Statistics for Top Partition
 14. Elapsed Time Per Partition
 15. Analysis & Synthesis Messages



----------------
; Legal Notice ;
----------------
Copyright (C) 2019  Intel Corporation. All rights reserved.
Your use of Intel Corporation's design tools, logic functions 
and other software and tools, and any partner logic 
functions, and any output files from any of the foregoing 
(including device programming or simulation files), and any 
associated documentation or information are expressly subject 
to the terms and conditions of the Intel Program License 
Subscription Agreement, the Intel Quartus Prime License Agreement,
the Intel FPGA IP License Agreement, or other applicable license
agreement, including, without limitation, that your use is for
the sole purpose of programming logic devices manufactured by
Intel and sold by Intel or its authorized distributors.  Please
refer to the applicable agreement for further details, at
https://fpgasoftware.intel.com/eula.



+----------------------------------------------------------------------------------+
; Analysis & Synthesis Summary                                                     ;
+------------------------------------+---------------------------------------------+
; Analysis & Synthesis Status        ; Successful - Wed Jul 05 03:08:33 2023       ;
; Quartus Prime Version              ; 19.1.0 Build 670 09/22/2019 SJ Lite Edition ;
; Revision Name                      ; LogicalStep_Lab3_top                        ;
; Top-level Entity Name              ; LogicalStep_Lab3_top                        ;
; Family                             ; MAX 10                                      ;
; Total logic elements               ; 86                                          ;
;     Total combinational functions  ; 86                                          ;
;     Dedicated logic registers      ; 28                                          ;
; Total registers                    ; 28                                          ;
; Total pins                         ; 30                                          ;
; Total virtual pins                 ; 0                                           ;
; Total memory bits                  ; 0                                           ;
; Embedded Multiplier 9-bit elements ; 0                                           ;
; Total PLLs                         ; 0                                           ;
; UFM blocks                         ; 0                                           ;
; ADC blocks                         ; 0                                           ;
+------------------------------------+---------------------------------------------+


+----------------------------------------------------------------------------------------------------------------+
; Analysis & Synthesis Settings                                                                                  ;
+------------------------------------------------------------------+----------------------+----------------------+
; Option                                                           ; Setting              ; Default Value        ;
+------------------------------------------------------------------+----------------------+----------------------+
; Device                                                           ; 10M08SAE144C8G       ;                      ;
; Top-level entity name                                            ; LogicalStep_Lab3_top ; LogicalStep_Lab3_top ;
; Family name                                                      ; MAX 10               ; Cyclone V            ;
; Use smart compilation                                            ; Off                  ; Off                  ;
; Enable parallel Assembler and Timing Analyzer during compilation ; On                   ; On                   ;
; Enable compact report table                                      ; Off                  ; Off                  ;
; Restructure Multiplexers                                         ; Auto                 ; Auto                 ;
; Create Debugging Nodes for IP Cores                              ; Off                  ; Off                  ;
; Preserve fewer node names                                        ; On                   ; On                   ;
; Intel FPGA IP Evaluation Mode                                    ; Enable               ; Enable               ;
; Verilog Version                                                  ; Verilog_2001         ; Verilog_2001         ;
; VHDL Version                                                     ; VHDL_1993            ; VHDL_1993            ;
; State Machine Processing                                         ; Auto                 ; Auto                 ;
; Safe State Machine                                               ; Off                  ; Off                  ;
; Extract Verilog State Machines                                   ; On                   ; On                   ;
; Extract VHDL State Machines                                      ; On                   ; On                   ;
; Ignore Verilog initial constructs                                ; Off                  ; Off                  ;
; Iteration limit for constant Verilog loops                       ; 5000                 ; 5000                 ;
; Iteration limit for non-constant Verilog loops                   ; 250                  ; 250                  ;
; Add Pass-Through Logic to Inferred RAMs                          ; On                   ; On                   ;
; Infer RAMs from Raw Logic                                        ; On                   ; On                   ;
; Parallel Synthesis                                               ; On                   ; On                   ;
; DSP Block Balancing                                              ; Auto                 ; Auto                 ;
; NOT Gate Push-Back                                               ; On                   ; On                   ;
; Power-Up Don't Care                                              ; On                   ; On                   ;
; Remove Redundant Logic Cells                                     ; Off                  ; Off                  ;
; Remove Duplicate Registers                                       ; On                   ; On                   ;
; Ignore CARRY Buffers                                             ; Off                  ; Off                  ;
; Ignore CASCADE Buffers                                           ; Off                  ; Off                  ;
; Ignore GLOBAL Buffers                                            ; Off                  ; Off                  ;
; Ignore ROW GLOBAL Buffers                                        ; Off                  ; Off                  ;
; Ignore LCELL Buffers                                             ; Off                  ; Off                  ;
; Ignore SOFT Buffers                                              ; On                   ; On                   ;
; Limit AHDL Integers to 32 Bits                                   ; Off                  ; Off                  ;
; Optimization Technique                                           ; Balanced             ; Balanced             ;
; Carry Chain Length                                               ; 70                   ; 70                   ;
; Auto Carry Chains                                                ; On                   ; On                   ;
; Auto Open-Drain Pins                                             ; On                   ; On                   ;
; Perform WYSIWYG Primitive Resynthesis                            ; Off                  ; Off                  ;
; Auto ROM Replacement                                             ; On                   ; On                   ;
; Auto RAM Replacement                                             ; On                   ; On                   ;
; Auto DSP Block Replacement                                       ; On                   ; On                   ;
; Auto Shift Register Replacement                                  ; Auto                 ; Auto                 ;
; Allow Shift Register Merging across Hierarchies                  ; Auto                 ; Auto                 ;
; Auto Clock Enable Replacement                                    ; On                   ; On                   ;
; Strict RAM Replacement                                           ; Off                  ; Off                  ;
; Allow Synchronous Control Signals                                ; On                   ; On                   ;
; Force Use of Synchronous Clear Signals                           ; Off                  ; Off                  ;
; Auto RAM Block Balancing                                         ; On                   ; On                   ;
; Auto RAM to Logic Cell Conversion                                ; Off                  ; Off                  ;
; Auto Resource Sharing                                            ; Off                  ; Off                  ;
; Allow Any RAM Size For Recognition                               ; Off                  ; Off                  ;
; Allow Any ROM Size For Recognition                               ; Off                  ; Off                  ;
; Allow Any Shift Register Size For Recognition                    ; Off                  ; Off                  ;
; Use LogicLock Constraints during Resource Balancing              ; On                   ; On                   ;
; Ignore translate_off and synthesis_off directives                ; Off                  ; Off                  ;
; Timing-Driven Synthesis                                          ; On                   ; On                   ;
; Report Parameter Settings                                        ; On                   ; On                   ;
; Report Source Assignments                                        ; On                   ; On                   ;
; Report Connectivity Checks                                       ; On                   ; On                   ;
; Ignore Maximum Fan-Out Assignments                               ; Off                  ; Off                  ;
; Synchronization Register Chain Length                            ; 2                    ; 2                    ;
; Power Optimization During Synthesis                              ; Normal compilation   ; Normal compilation   ;
; HDL message level                                                ; Level2               ; Level2               ;
; Suppress Register Optimization Related Messages                  ; Off                  ; Off                  ;
; Number of Removed Registers Reported in Synthesis Report         ; 5000                 ; 5000                 ;
; Number of Swept Nodes Reported in Synthesis Report               ; 5000                 ; 5000                 ;
; Number of Inverted Registers Reported in Synthesis Report        ; 100                  ; 100                  ;
; Clock MUX Protection                                             ; On                   ; On                   ;
; Auto Gated Clock Conversion                                      ; Off                  ; Off                  ;
; Block Design Naming                                              ; Auto                 ; Auto                 ;
; SDC constraint protection                                        ; Off                  ; Off                  ;
; Synthesis Effort                                                 ; Auto                 ; Auto                 ;
; Shift Register Replacement - Allow Asynchronous Clear Signal     ; On                   ; On                   ;
; Pre-Mapping Resynthesis Optimization                             ; Off                  ; Off                  ;
; Analysis & Synthesis Message Level                               ; Medium               ; Medium               ;
; Disable Register Merging Across Hierarchies                      ; Auto                 ; Auto                 ;
; Resource Aware Inference For Block RAM                           ; On                   ; On                   ;
+------------------------------------------------------------------+----------------------+----------------------+


+------------------------------------------+
; Parallel Compilation                     ;
+----------------------------+-------------+
; Processors                 ; Number      ;
+----------------------------+-------------+
; Number detected on machine ; 4           ;
; Maximum allowed            ; 2           ;
;                            ;             ;
; Average used               ; 1.00        ;
; Maximum used               ; 2           ;
;                            ;             ;
; Usage by Processor         ; % Time Used ;
;     Processor 1            ; 100.0%      ;
;     Processor 2            ;   0.0%      ;
+----------------------------+-------------+


+----------------------------------------------------------------------------------------------------------------------------------------+
; Analysis & Synthesis Source Files Read                                                                                                 ;
+----------------------------------+-----------------+-----------------------+-------------------------------------------------+---------+
; File Name with User-Entered Path ; Used in Netlist ; File Type             ; File Name with Absolute Path                    ; Library ;
+----------------------------------+-----------------+-----------------------+-------------------------------------------------+---------+
; LogicalStep_Lab3_top.vhd         ; yes             ; User VHDL File        ; C:/Users/llkathir/Lab3/LogicalStep_Lab3_top.vhd ;         ;
; segment7_mux.vhd                 ; yes             ; User VHDL File        ; C:/Users/llkathir/Lab3/segment7_mux.vhd         ;         ;
; SevenSegment.vhd                 ; yes             ; User VHDL File        ; C:/Users/llkathir/Lab3/SevenSegment.vhd         ;         ;
; Compx1.vhd                       ; yes             ; User VHDL File        ; C:/Users/llkathir/Lab3/Compx1.vhd               ;         ;
; Compx4.vhd                       ; yes             ; User VHDL File        ; C:/Users/llkathir/Lab3/Compx4.vhd               ;         ;
; HVAC.vhd                         ; yes             ; User VHDL File        ; C:/Users/llkathir/Lab3/HVAC.vhd                 ;         ;
; Energy_monitor.vhd               ; yes             ; User VHDL File        ; C:/Users/llkathir/Lab3/Energy_monitor.vhd       ;         ;
; vacation_mux.vhd                 ; yes             ; User VHDL File        ; C:/Users/llkathir/Lab3/vacation_mux.vhd         ;         ;
; pb_inverters.vhd                 ; yes             ; Auto-Found VHDL File  ; C:/Users/llkathir/Lab3/pb_inverters.vhd         ;         ;
; tester.vhd                       ; yes             ; Auto-Found VHDL File  ; C:/Users/llkathir/Lab3/tester.vhd               ;         ;
+----------------------------------+-----------------+-----------------------+-------------------------------------------------+---------+


+--------------------------------------------------------------+
; Analysis & Synthesis Resource Usage Summary                  ;
+---------------------------------------------+----------------+
; Resource                                    ; Usage          ;
+---------------------------------------------+----------------+
; Estimated Total logic elements              ; 86             ;
;                                             ;                ;
; Total combinational functions               ; 86             ;
; Logic element usage by number of LUT inputs ;                ;
;     -- 4 input functions                    ; 33             ;
;     -- 3 input functions                    ; 24             ;
;     -- <=2 input functions                  ; 29             ;
;                                             ;                ;
; Logic elements by mode                      ;                ;
;     -- normal mode                          ; 61             ;
;     -- arithmetic mode                      ; 25             ;
;                                             ;                ;
; Total registers                             ; 28             ;
;     -- Dedicated logic registers            ; 28             ;
;     -- I/O registers                        ; 0              ;
;                                             ;                ;
; I/O pins                                    ; 30             ;
;                                             ;                ;
; Embedded Multiplier 9-bit elements          ; 0              ;
;                                             ;                ;
; Maximum fan-out node                        ; clkin_50~input ;
; Maximum fan-out                             ; 24             ;
; Total fan-out                               ; 364            ;
; Average fan-out                             ; 2.09           ;
+---------------------------------------------+----------------+


+--------------------------------------------------------------------------------------------------------------------------------------------------------------------------------------------------------------------------------------------------------------------+
; Analysis & Synthesis Resource Utilization by Entity                                                                                                                                                                                                                ;
+----------------------------+---------------------+---------------------------+-------------+------------+--------------+---------+-----------+------+--------------+------------+--------------------------------------------+----------------------+--------------+
; Compilation Hierarchy Node ; Combinational ALUTs ; Dedicated Logic Registers ; Memory Bits ; UFM Blocks ; DSP Elements ; DSP 9x9 ; DSP 18x18 ; Pins ; Virtual Pins ; ADC blocks ; Full Hierarchy Name                        ; Entity Name          ; Library Name ;
+----------------------------+---------------------+---------------------------+-------------+------------+--------------+---------+-----------+------+--------------+------------+--------------------------------------------+----------------------+--------------+
; |LogicalStep_Lab3_top      ; 86 (0)              ; 28 (0)                    ; 0           ; 0          ; 0            ; 0       ; 0         ; 30   ; 0            ; 0          ; |LogicalStep_Lab3_top                      ; LogicalStep_Lab3_top ; work         ;
;    |Compx4:INST4|          ; 9 (9)               ; 0 (0)                     ; 0           ; 0          ; 0            ; 0       ; 0         ; 0    ; 0            ; 0          ; |LogicalStep_Lab3_top|Compx4:INST4         ; Compx4               ; work         ;
;    |Energy_monitor:INST7|  ; 5 (5)               ; 0 (0)                     ; 0           ; 0          ; 0            ; 0       ; 0         ; 0    ; 0            ; 0          ; |LogicalStep_Lab3_top|Energy_monitor:INST7 ; Energy_monitor       ; work         ;
;    |HVAC:INST8|            ; 36 (36)             ; 28 (28)                   ; 0           ; 0          ; 0            ; 0       ; 0         ; 0    ; 0            ; 0          ; |LogicalStep_Lab3_top|HVAC:INST8           ; HVAC                 ; work         ;
;    |SevenSegment:INST1|    ; 7 (7)               ; 0 (0)                     ; 0           ; 0          ; 0            ; 0       ; 0         ; 0    ; 0            ; 0          ; |LogicalStep_Lab3_top|SevenSegment:INST1   ; SevenSegment         ; work         ;
;    |SevenSegment:INST2|    ; 7 (7)               ; 0 (0)                     ; 0           ; 0          ; 0            ; 0       ; 0         ; 0    ; 0            ; 0          ; |LogicalStep_Lab3_top|SevenSegment:INST2   ; SevenSegment         ; work         ;
;    |Tester:INST9|          ; 11 (11)             ; 0 (0)                     ; 0           ; 0          ; 0            ; 0       ; 0         ; 0    ; 0            ; 0          ; |LogicalStep_Lab3_top|Tester:INST9         ; Tester               ; work         ;
;    |segment7_mux:INST3|    ; 7 (7)               ; 0 (0)                     ; 0           ; 0          ; 0            ; 0       ; 0         ; 0    ; 0            ; 0          ; |LogicalStep_Lab3_top|segment7_mux:INST3   ; segment7_mux         ; work         ;
;    |vacation_mux:INST6|    ; 4 (4)               ; 0 (0)                     ; 0           ; 0          ; 0            ; 0       ; 0         ; 0    ; 0            ; 0          ; |LogicalStep_Lab3_top|vacation_mux:INST6   ; vacation_mux         ; work         ;
+----------------------------+---------------------+---------------------------+-------------+------------+--------------+---------+-----------+------+--------------+------------+--------------------------------------------+----------------------+--------------+
Note: For table entries with two numbers listed, the numbers in parentheses indicate the number of resources of the given type used by the specific entity alone. The numbers listed outside of parentheses indicate the total resources of the given type used by the specific entity and all of its sub-entities in the hierarchy.


+-------------------------------------------------------------------------------------------------------------+
; User-Specified and Inferred Latches                                                                         ;
+----------------------------------------------------+-------------------------------+------------------------+
; Latch Name                                         ; Latch Enable Signal           ; Free of Timing Hazards ;
+----------------------------------------------------+-------------------------------+------------------------+
; Energy_monitor:INST7|increase                      ; GND                           ; yes                    ;
; Energy_monitor:INST7|decrease                      ; Energy_monitor:INST7|decrease ; yes                    ;
; Number of user-specified and inferred latches = 2  ;                               ;                        ;
+----------------------------------------------------+-------------------------------+------------------------+
Note: All latches listed above may not be present at the end of synthesis due to various synthesis optimizations.


+------------------------------------------------------------------------------------------+
; Registers Removed During Synthesis                                                       ;
+----------------------------------------+-------------------------------------------------+
; Register name                          ; Reason for Removal                              ;
+----------------------------------------+-------------------------------------------------+
; segment7_mux:INST3|\clk_proc:COUNT[0]  ; Merged with HVAC:INST8|\clk_divider:counter[0]  ;
; segment7_mux:INST3|\clk_proc:COUNT[1]  ; Merged with HVAC:INST8|\clk_divider:counter[1]  ;
; segment7_mux:INST3|\clk_proc:COUNT[2]  ; Merged with HVAC:INST8|\clk_divider:counter[2]  ;
; segment7_mux:INST3|\clk_proc:COUNT[3]  ; Merged with HVAC:INST8|\clk_divider:counter[3]  ;
; segment7_mux:INST3|\clk_proc:COUNT[4]  ; Merged with HVAC:INST8|\clk_divider:counter[4]  ;
; segment7_mux:INST3|\clk_proc:COUNT[5]  ; Merged with HVAC:INST8|\clk_divider:counter[5]  ;
; segment7_mux:INST3|\clk_proc:COUNT[6]  ; Merged with HVAC:INST8|\clk_divider:counter[6]  ;
; segment7_mux:INST3|\clk_proc:COUNT[7]  ; Merged with HVAC:INST8|\clk_divider:counter[7]  ;
; segment7_mux:INST3|\clk_proc:COUNT[8]  ; Merged with HVAC:INST8|\clk_divider:counter[8]  ;
; segment7_mux:INST3|\clk_proc:COUNT[9]  ; Merged with HVAC:INST8|\clk_divider:counter[9]  ;
; segment7_mux:INST3|\clk_proc:COUNT[10] ; Merged with HVAC:INST8|\clk_divider:counter[10] ;
; Total Number of Removed Registers = 11 ;                                                 ;
+----------------------------------------+-------------------------------------------------+


+------------------------------------------------------+
; General Register Statistics                          ;
+----------------------------------------------+-------+
; Statistic                                    ; Value ;
+----------------------------------------------+-------+
; Total registers                              ; 28    ;
; Number of registers using Synchronous Clear  ; 0     ;
; Number of registers using Synchronous Load   ; 0     ;
; Number of registers using Asynchronous Clear ; 0     ;
; Number of registers using Asynchronous Load  ; 0     ;
; Number of registers using Clock Enable       ; 3     ;
; Number of registers using Preset             ; 0     ;
+----------------------------------------------+-------+


+--------------------------------------------------+
; Inverted Register Statistics                     ;
+----------------------------------------+---------+
; Inverted Register                      ; Fan out ;
+----------------------------------------+---------+
; HVAC:INST8|\counter:cnt[2]             ; 16      ;
; HVAC:INST8|\counter:cnt[1]             ; 16      ;
; HVAC:INST8|\counter:cnt[0]             ; 17      ;
; Total number of inverted registers = 3 ;         ;
+----------------------------------------+---------+


+--------------------------------------------+
; Port Connectivity Checks: "HVAC:INST8"     ;
+----------+-------+----------+--------------+
; Port     ; Type  ; Severity ; Details      ;
+----------+-------+----------+--------------+
; hvac_sim ; Input ; Info     ; Stuck at GND ;
+----------+-------+----------+--------------+


+-----------------------------------------------------+
; Post-Synthesis Netlist Statistics for Top Partition ;
+-----------------------+-----------------------------+
; Type                  ; Count                       ;
+-----------------------+-----------------------------+
; boundary_port         ; 30                          ;
; cycloneiii_ff         ; 28                          ;
;     ENA               ; 3                           ;
;     plain             ; 25                          ;
; cycloneiii_io_obuf    ; 3                           ;
; cycloneiii_lcell_comb ; 95                          ;
;     arith             ; 25                          ;
;         2 data inputs ; 22                          ;
;         3 data inputs ; 3                           ;
;     normal            ; 70                          ;
;         1 data inputs ; 13                          ;
;         2 data inputs ; 3                           ;
;         3 data inputs ; 21                          ;
;         4 data inputs ; 33                          ;
;                       ;                             ;
; Max LUT depth         ; 6.00                        ;
; Average LUT depth     ; 3.25                        ;
+-----------------------+-----------------------------+


+-------------------------------+
; Elapsed Time Per Partition    ;
+----------------+--------------+
; Partition Name ; Elapsed Time ;
+----------------+--------------+
; Top            ; 00:00:00     ;
+----------------+--------------+


+-------------------------------+
; Analysis & Synthesis Messages ;
+-------------------------------+
Info: *******************************************************************
Info: Running Quartus Prime Analysis & Synthesis
    Info: Version 19.1.0 Build 670 09/22/2019 SJ Lite Edition
    Info: Processing started: Wed Jul 05 03:08:24 2023
Info: Command: quartus_map --read_settings_files=on --write_settings_files=off LogicalStep_Lab3 -c LogicalStep_Lab3_top
Warning (18236): Number of processors has not been specified which may cause overloading on shared machines.  Set the global assignment NUM_PARALLEL_PROCESSORS in your QSF to an appropriate value for best performance.
Info (20030): Parallel compilation is enabled and will use 2 of the 2 processors detected
Info (12021): Found 2 design units, including 1 entities, in source file logicalstep_lab3_top.vhd
    Info (12022): Found design unit 1: LogicalStep_Lab3_top-design File: C:/Users/llkathir/Lab3/LogicalStep_Lab3_top.vhd Line: 22
    Info (12023): Found entity 1: LogicalStep_Lab3_top File: C:/Users/llkathir/Lab3/LogicalStep_Lab3_top.vhd Line: 5
Info (12021): Found 2 design units, including 1 entities, in source file segment7_mux.vhd
    Info (12022): Found design unit 1: segment7_mux-syn File: C:/Users/llkathir/Lab3/segment7_mux.vhd Line: 67
    Info (12023): Found entity 1: segment7_mux File: C:/Users/llkathir/Lab3/segment7_mux.vhd Line: 52
Info (12021): Found 2 design units, including 1 entities, in source file sevensegment.vhd
    Info (12022): Found design unit 1: SevenSegment-Behavioral File: C:/Users/llkathir/Lab3/SevenSegment.vhd Line: 18
    Info (12023): Found entity 1: SevenSegment File: C:/Users/llkathir/Lab3/SevenSegment.vhd Line: 10
Info (12021): Found 2 design units, including 1 entities, in source file compx1.vhd
    Info (12022): Found design unit 1: Compx1-comparator File: C:/Users/llkathir/Lab3/Compx1.vhd Line: 14
    Info (12023): Found entity 1: Compx1 File: C:/Users/llkathir/Lab3/Compx1.vhd Line: 6
Info (12021): Found 2 design units, including 1 entities, in source file compx4.vhd
    Info (12022): Found design unit 1: Compx4-comparator2 File: C:/Users/llkathir/Lab3/Compx4.vhd Line: 14
    Info (12023): Found entity 1: Compx4 File: C:/Users/llkathir/Lab3/Compx4.vhd Line: 5
Warning (12019): Can't analyze file -- file compx4trial2.vhd is missing
Warning (12019): Can't analyze file -- file bidirectional_SR.vhd is missing
Info (12021): Found 2 design units, including 1 entities, in source file u_d_bin_counter8bit.vhd
    Info (12022): Found design unit 1: U_D_Bin_Counter8bit-one File: C:/Users/llkathir/Lab3/U_D_Bin_Counter8bit.vhd Line: 17
    Info (12023): Found entity 1: U_D_Bin_Counter8bit File: C:/Users/llkathir/Lab3/U_D_Bin_Counter8bit.vhd Line: 5
Info (12021): Found 2 design units, including 1 entities, in source file hvac.vhd
    Info (12022): Found design unit 1: HVAC-rtl File: C:/Users/llkathir/Lab3/HVAC.vhd Line: 25
    Info (12023): Found entity 1: HVAC File: C:/Users/llkathir/Lab3/HVAC.vhd Line: 10
Info (12021): Found 2 design units, including 1 entities, in source file energy_monitor.vhd
    Info (12022): Found design unit 1: Energy_monitor-monitor File: C:/Users/llkathir/Lab3/Energy_monitor.vhd Line: 15
    Info (12023): Found entity 1: Energy_monitor File: C:/Users/llkathir/Lab3/Energy_monitor.vhd Line: 6
Info (12021): Found 2 design units, including 1 entities, in source file vacation_mux.vhd
    Info (12022): Found design unit 1: vacation_mux-mux_logic File: C:/Users/llkathir/Lab3/vacation_mux.vhd Line: 22
    Info (12023): Found entity 1: vacation_mux File: C:/Users/llkathir/Lab3/vacation_mux.vhd Line: 7
Info (12127): Elaborating entity "LogicalStep_Lab3_top" for the top level hierarchy
Info (12128): Elaborating entity "SevenSegment" for hierarchy "SevenSegment:INST1" File: C:/Users/llkathir/Lab3/LogicalStep_Lab3_top.vhd Line: 167
Info (12128): Elaborating entity "segment7_mux" for hierarchy "segment7_mux:INST3" File: C:/Users/llkathir/Lab3/LogicalStep_Lab3_top.vhd Line: 169
Info (12128): Elaborating entity "Compx4" for hierarchy "Compx4:INST4" File: C:/Users/llkathir/Lab3/LogicalStep_Lab3_top.vhd Line: 170
Info (12128): Elaborating entity "Compx1" for hierarchy "Compx4:INST4|Compx1:INST1" File: C:/Users/llkathir/Lab3/Compx4.vhd Line: 33
Warning (12125): Using design file pb_inverters.vhd, which is not specified as a design file for the current project, but contains definitions for 2 design units and 1 entities in project
    Info (12022): Found design unit 1: PB_Inverters-gates File: C:/Users/llkathir/Lab3/pb_inverters.vhd Line: 17
    Info (12023): Found entity 1: PB_Inverters File: C:/Users/llkathir/Lab3/pb_inverters.vhd Line: 7
Info (12128): Elaborating entity "PB_Inverters" for hierarchy "PB_Inverters:INST5" File: C:/Users/llkathir/Lab3/LogicalStep_Lab3_top.vhd Line: 171
Info (12128): Elaborating entity "vacation_mux" for hierarchy "vacation_mux:INST6" File: C:/Users/llkathir/Lab3/LogicalStep_Lab3_top.vhd Line: 172
Info (12128): Elaborating entity "Energy_monitor" for hierarchy "Energy_monitor:INST7" File: C:/Users/llkathir/Lab3/LogicalStep_Lab3_top.vhd Line: 173
Warning (10492): VHDL Process Statement warning at Energy_monitor.vhd(42): signal "vacation_mode" is read inside the Process Statement but isn't in the Process Statement's sensitivity list File: C:/Users/llkathir/Lab3/Energy_monitor.vhd Line: 42
Warning (10492): VHDL Process Statement warning at Energy_monitor.vhd(63): signal "AGTB" is read inside the Process Statement but isn't in the Process Statement's sensitivity list File: C:/Users/llkathir/Lab3/Energy_monitor.vhd Line: 63
Warning (10492): VHDL Process Statement warning at Energy_monitor.vhd(72): signal "AEQB" is read inside the Process Statement but isn't in the Process Statement's sensitivity list File: C:/Users/llkathir/Lab3/Energy_monitor.vhd Line: 72
Warning (10492): VHDL Process Statement warning at Energy_monitor.vhd(80): signal "ALTB" is read inside the Process Statement but isn't in the Process Statement's sensitivity list File: C:/Users/llkathir/Lab3/Energy_monitor.vhd Line: 80
Warning (10492): VHDL Process Statement warning at Energy_monitor.vhd(97): signal "AEQB" is read inside the Process Statement but isn't in the Process Statement's sensitivity list File: C:/Users/llkathir/Lab3/Energy_monitor.vhd Line: 97
Warning (10492): VHDL Process Statement warning at Energy_monitor.vhd(101): signal "AGTB" is read inside the Process Statement but isn't in the Process Statement's sensitivity list File: C:/Users/llkathir/Lab3/Energy_monitor.vhd Line: 101
Warning (10492): VHDL Process Statement warning at Energy_monitor.vhd(104): signal "ALTB" is read inside the Process Statement but isn't in the Process Statement's sensitivity list File: C:/Users/llkathir/Lab3/Energy_monitor.vhd Line: 104
Warning (10631): VHDL Process Statement warning at Energy_monitor.vhd(39): inferring latch(es) for signal or variable "increase", which holds its previous value in one or more paths through the process File: C:/Users/llkathir/Lab3/Energy_monitor.vhd Line: 39
Warning (10631): VHDL Process Statement warning at Energy_monitor.vhd(39): inferring latch(es) for signal or variable "decrease", which holds its previous value in one or more paths through the process File: C:/Users/llkathir/Lab3/Energy_monitor.vhd Line: 39
Info (10041): Inferred latch for "decrease" at Energy_monitor.vhd(39) File: C:/Users/llkathir/Lab3/Energy_monitor.vhd Line: 39
Info (10041): Inferred latch for "increase" at Energy_monitor.vhd(39) File: C:/Users/llkathir/Lab3/Energy_monitor.vhd Line: 39
Info (12128): Elaborating entity "HVAC" for hierarchy "HVAC:INST8" File: C:/Users/llkathir/Lab3/LogicalStep_Lab3_top.vhd Line: 174
Warning (10492): VHDL Process Statement warning at HVAC.vhd(60): signal "clk" is read inside the Process Statement but isn't in the Process Statement's sensitivity list File: C:/Users/llkathir/Lab3/HVAC.vhd Line: 60
Warning (10492): VHDL Process Statement warning at HVAC.vhd(63): signal "clk_2hz" is read inside the Process Statement but isn't in the Process Statement's sensitivity list File: C:/Users/llkathir/Lab3/HVAC.vhd Line: 63
Warning (10492): VHDL Process Statement warning at HVAC.vhd(78): signal "run" is read inside the Process Statement but isn't in the Process Statement's sensitivity list File: C:/Users/llkathir/Lab3/HVAC.vhd Line: 78
Warning (12125): Using design file tester.vhd, which is not specified as a design file for the current project, but contains definitions for 2 design units and 1 entities in project
    Info (12022): Found design unit 1: Tester-Test_ckt File: C:/Users/llkathir/Lab3/tester.vhd Line: 14
    Info (12023): Found entity 1: Tester File: C:/Users/llkathir/Lab3/tester.vhd Line: 5
Info (12128): Elaborating entity "Tester" for hierarchy "Tester:INST9" File: C:/Users/llkathir/Lab3/LogicalStep_Lab3_top.vhd Line: 175
Warning (10492): VHDL Process Statement warning at tester.vhd(47): signal "EQ_PASS" is read inside the Process Statement but isn't in the Process Statement's sensitivity list File: C:/Users/llkathir/Lab3/tester.vhd Line: 47
Warning (10492): VHDL Process Statement warning at tester.vhd(47): signal "GT_PASS" is read inside the Process Statement but isn't in the Process Statement's sensitivity list File: C:/Users/llkathir/Lab3/tester.vhd Line: 47
Warning (10492): VHDL Process Statement warning at tester.vhd(47): signal "LT_PASS" is read inside the Process Statement but isn't in the Process Statement's sensitivity list File: C:/Users/llkathir/Lab3/tester.vhd Line: 47
Warning (13012): Latch Energy_monitor:INST7|decrease has unsafe behavior File: C:/Users/llkathir/Lab3/Energy_monitor.vhd Line: 9
    Warning (13013): Ports ENA and CLR on the latch are fed by the same signal HVAC:INST8|\counter:cnt[2]
Info (286030): Timing-Driven Synthesis is running
Info (16010): Generating hard_block partition "hard_block:auto_generated_inst"
    Info (16011): Adding 0 node(s), including 0 DDIO, 0 PLL, 0 transceiver and 0 LCELL
Info (21057): Implemented 116 device resources after synthesis - the final resource count might be different
    Info (21058): Implemented 13 input pins
    Info (21059): Implemented 17 output pins
    Info (21061): Implemented 86 logic cells
Info: Quartus Prime Analysis & Synthesis was successful. 0 errors, 22 warnings
    Info: Peak virtual memory: 4787 megabytes
    Info: Processing ended: Wed Jul 05 03:08:33 2023
    Info: Elapsed time: 00:00:09
    Info: Total CPU time (on all processors): 00:00:19


